SF:/Users/whitehat/Desktop/mobile_application/flutter/mylekha_helper/datacollection/example/lib/post.dart
DA:11,0
DA:49,1
DA:60,0
DA:62,0
DA:64,0
DA:66,0
DA:68,0
DA:78,0
DA:79,0
DA:80,0
DA:81,0
DA:82,0
DA:83,0
DA:84,0
DA:85,0
DA:86,0
DA:90,0
DA:92,0
DA:95,0
DA:98,0
DA:100,0
DA:101,0
DA:102,0
DA:103,0
DA:104,0
DA:105,0
DA:106,0
DA:107,0
DA:108,0
DA:111,0
DA:113,0
DA:114,0
DA:115,0
DA:116,0
DA:117,0
DA:118,0
DA:119,0
DA:120,0
LF:38
LH:1
end_of_record
SF:/Users/whitehat/Desktop/mobile_application/flutter/mylekha_helper/datacollection/example/lib/post.g.dart
DA:10,1
DA:11,6
DA:19,4
DA:26,2
DA:27,1
DA:28,1
DA:29,1
DA:30,1
DA:31,1
DA:32,1
DA:33,1
DA:34,2
DA:35,1
DA:36,1
DA:37,1
DA:40,0
DA:41,0
DA:42,0
DA:43,0
DA:44,0
DA:45,0
DA:46,0
DA:47,0
DA:48,0
DA:56,1
DA:57,6
DA:67,1
DA:68,1
DA:76,1
DA:78,1
DA:79,1
DA:80,1
DA:81,3
DA:82,1
DA:83,1
DA:84,3
DA:86,2
DA:87,2
DA:92,0
DA:94,0
DA:95,0
DA:96,0
DA:97,0
DA:98,0
DA:99,0
DA:100,0
DA:102,0
DA:103,0
DA:104,0
DA:108,1
DA:109,1
DA:110,2
DA:111,2
DA:112,1
DA:113,0
DA:115,1
LF:56
LH:35
end_of_record
SF:/Users/whitehat/Desktop/mobile_application/flutter/mylekha_helper/datacollection/example/lib/services/application_service.dart
DA:5,1
DA:6,1
DA:7,2
DA:8,4
LF:4
LH:4
end_of_record
SF:/Users/whitehat/Desktop/mobile_application/flutter/mylekha_helper/datacollection/example/lib/user.dart
DA:16,1
DA:18,0
DA:20,0
DA:21,0
DA:22,0
DA:23,0
DA:24,0
LF:7
LH:1
end_of_record
SF:/Users/whitehat/Desktop/mobile_application/flutter/mylekha_helper/datacollection/example/lib/user.g.dart
DA:10,1
DA:11,6
DA:19,0
DA:26,2
DA:27,1
DA:28,1
DA:29,1
DA:32,0
DA:33,0
DA:34,0
DA:35,0
DA:43,1
DA:44,6
LF:13
LH:8
end_of_record
SF:/Users/whitehat/Desktop/mobile_application/flutter/mylekha_helper/datacollection/example/lib/student.dart
DA:16,1
DA:22,0
DA:23,0
DA:25,0
DA:27,0
DA:29,0
LF:6
LH:1
end_of_record
SF:/Users/whitehat/Desktop/mobile_application/flutter/mylekha_helper/datacollection/example/lib/student.g.dart
DA:11,0
DA:12,0
DA:20,0
DA:27,2
DA:28,1
DA:29,1
DA:30,1
DA:33,0
DA:34,0
DA:35,0
DA:36,0
DA:45,1
DA:46,6
LF:13
LH:6
end_of_record
