SF:/Users/whitehat/Desktop/mobile_application/flutter/mylekha_helper/datacollection/generator/lib/src/data_collection_generator.dart
DA:13,1
DA:16,1
DA:17,1
DA:19,1
DA:20,1
DA:22,2
DA:23,2
DA:24,2
DA:28,1
DA:30,1
DA:35,1
DA:36,1
DA:41,1
DA:43,1
DA:46,1
DA:49,1
LF:16
LH:16
end_of_record
SF:/Users/whitehat/Desktop/mobile_application/flutter/mylekha_helper/datacollection/generator/lib/src/class_visitor.dart
DA:10,1
DA:12,3
DA:14,2
DA:16,1
DA:19,0
DA:21,0
DA:23,0
DA:25,0
DA:28,0
DA:30,0
DA:32,0
DA:34,0
LF:12
LH:4
end_of_record
SF:/Users/whitehat/Desktop/mobile_application/flutter/mylekha_helper/datacollection/generator/lib/src/collection_response_generator.dart
DA:11,0
DA:14,0
DA:15,0
DA:16,0
DA:18,0
DA:20,0
DA:26,1
DA:27,1
DA:30,1
DA:31,1
DA:35,1
DA:36,1
DA:38,1
LF:13
LH:7
end_of_record
SF:/Users/whitehat/Desktop/mobile_application/flutter/mylekha_helper/datacollection/generator/lib/src/pagination_response_generator.dart
DA:11,0
DA:14,0
DA:15,0
DA:16,0
DA:18,0
DA:20,0
DA:26,1
DA:27,1
DA:30,1
DA:31,1
DA:35,1
DA:36,1
DA:38,1
LF:13
LH:7
end_of_record
SF:/Users/whitehat/Desktop/mobile_application/flutter/mylekha_helper/datacollection/generator/lib/src/data_response_generator.dart
DA:11,0
DA:14,0
DA:15,0
DA:16,0
DA:17,0
DA:19,0
DA:21,0
DA:27,1
DA:28,1
DA:31,1
DA:32,1
DA:36,1
DA:37,1
DA:39,1
LF:14
LH:7
end_of_record
